0 verbose cli C:\Users\Administrator\.nvm\versions\node\v22.18.0\bin\node.exe C:\Users\Administrator\.nvm\versions\node\v22.18.0\bin\node_modules\npm\bin\npm-cli.js
1 info using npm@10.9.3
2 info using node@v22.18.0
3 silly config load:file:C:\Users\Administrator\.nvm\versions\node\v22.18.0\bin\node_modules\npm\npmrc
4 silly config load:file:C:\Program Files\Git\judys-global-care\.npmrc
5 silly config load:file:C:\Users\Administrator\.npmrc
6 silly config load:file:C:\Users\Administrator\.nvm\versions\node\v22.18.0\bin\etc\npmrc
7 verbose title npm exec tailwindcss init -p
8 verbose argv "exec" "--" "tailwindcss" "init" "-p"
9 verbose logfile logs-max:10 dir:C:\Program Files\Git\judys-global-care\npm-cache\_logs\2025-11-23T12_47_30_457Z-
10 verbose logfile C:\Program Files\Git\judys-global-care\npm-cache\_logs\2025-11-23T12_47_30_457Z-debug-0.log
11 silly logfile start cleaning logs, removing 1 files
12 silly packumentCache heap:2197815296 maxSize:549453824 maxEntrySize:274726912
13 verbose stack Error: could not determine executable to run
13 verbose stack     at getBinFromManifest (C:\Users\Administrator\.nvm\versions\node\v22.18.0\bin\node_modules\npm\node_modules\libnpmexec\lib\get-bin-from-manifest.js:17:23)
13 verbose stack     at exec (C:\Users\Administrator\.nvm\versions\node\v22.18.0\bin\node_modules\npm\node_modules\libnpmexec\lib\index.js:202:15)
13 verbose stack     at async Npm.exec (C:\Users\Administrator\.nvm\versions\node\v22.18.0\bin\node_modules\npm\lib\npm.js:207:9)
13 verbose stack     at async module.exports (C:\Users\Administrator\.nvm\versions\node\v22.18.0\bin\node_modules\npm\lib\cli\entry.js:74:5)
14 verbose pkgid tailwindcss@4.1.17
15 error could not determine executable to run
16 verbose cwd C:\Program Files\Git\judys-global-care
17 verbose os Windows_NT 10.0.19045
18 verbose node v22.18.0
19 verbose npm  v10.9.3
20 verbose exit 1
21 verbose code 1
22 error A complete log of this run can be found in: C:\Program Files\Git\judys-global-care\npm-cache\_logs\2025-11-23T12_47_30_457Z-debug-0.log
